

times in msec
 clock   self+sourced   self:  sourced script
 clock   elapsed:              other lines

000.010  000.010: --- NVIM STARTING ---
001.086  001.076: locale set
001.803  000.717: inits 1
001.828  000.026: window checked
001.834  000.006: parsing arguments
002.159  000.325: expanding arguments
002.250  000.091: inits 2
003.023  000.773: init highlight
003.341  000.318: waiting for UI
006.390  003.049: done waiting for UI
006.436  000.046: initialized screen early for UI
009.682  000.914  000.914: sourcing /usr/local/Cellar/neovim/0.4.4/share/nvim/runtime/syntax/syncolor.vim
009.893  001.683  000.769: sourcing /usr/local/Cellar/neovim/0.4.4/share/nvim/runtime/syntax/synload.vim
021.456  011.363  011.363: sourcing /usr/local/Cellar/neovim/0.4.4/share/nvim/runtime/filetype.vim
021.549  014.212  001.166: sourcing /usr/local/Cellar/neovim/0.4.4/share/nvim/runtime/syntax/syntax.vim
021.813  000.034  000.034: sourcing /usr/local/Cellar/neovim/0.4.4/share/nvim/runtime/filetype.vim
022.362  000.355  000.355: sourcing /usr/local/Cellar/neovim/0.4.4/share/nvim/runtime/ftplugin.vim
023.273  000.688  000.688: sourcing /usr/local/Cellar/neovim/0.4.4/share/nvim/runtime/indent.vim
023.509  000.028  000.028: sourcing /usr/local/Cellar/neovim/0.4.4/share/nvim/runtime/filetype.vim
023.708  000.026  000.026: sourcing /usr/local/Cellar/neovim/0.4.4/share/nvim/runtime/ftplugin.vim
028.287  003.413  003.413: sourcing /Users/liuguangqi/.config/nvim/autoload/plug.vim
038.573  002.281  002.281: sourcing /usr/local/Cellar/neovim/0.4.4/share/nvim/runtime/ftoff.vim
042.353  000.370  000.370: sourcing /Users/liuguangqi/.config/nvim/plugged/vim-prettier/ftdetect/css.vim
042.842  000.360  000.360: sourcing /Users/liuguangqi/.config/nvim/plugged/vim-prettier/ftdetect/graphql.vim
043.120  000.147  000.147: sourcing /Users/liuguangqi/.config/nvim/plugged/vim-prettier/ftdetect/html.vim
043.405  000.174  000.174: sourcing /Users/liuguangqi/.config/nvim/plugged/vim-prettier/ftdetect/javascript.vim
043.873  000.341  000.341: sourcing /Users/liuguangqi/.config/nvim/plugged/vim-prettier/ftdetect/json.vim
044.162  000.185  000.185: sourcing /Users/liuguangqi/.config/nvim/plugged/vim-prettier/ftdetect/less.vim
044.410  000.147  000.147: sourcing /Users/liuguangqi/.config/nvim/plugged/vim-prettier/ftdetect/lua.vim
044.671  000.160  000.160: sourcing /Users/liuguangqi/.config/nvim/plugged/vim-prettier/ftdetect/markdown.vim
044.911  000.141  000.141: sourcing /Users/liuguangqi/.config/nvim/plugged/vim-prettier/ftdetect/php.vim
045.151  000.142  000.142: sourcing /Users/liuguangqi/.config/nvim/plugged/vim-prettier/ftdetect/ruby.vim
045.394  000.144  000.144: sourcing /Users/liuguangqi/.config/nvim/plugged/vim-prettier/ftdetect/scss.vim
045.633  000.140  000.140: sourcing /Users/liuguangqi/.config/nvim/plugged/vim-prettier/ftdetect/typescript.vim
045.875  000.144  000.144: sourcing /Users/liuguangqi/.config/nvim/plugged/vim-prettier/ftdetect/vue.vim
046.246  000.273  000.273: sourcing /Users/liuguangqi/.config/nvim/plugged/vim-prettier/ftdetect/xml.vim
046.642  000.292  000.292: sourcing /Users/liuguangqi/.config/nvim/plugged/vim-prettier/ftdetect/yaml.vim
051.663  000.021  000.021: sourcing /Users/liuguangqi/.config/nvim/plugged/vim-polyglot/ftdetect/polyglot.vim
052.037  000.527  000.507: sourcing /Users/liuguangqi/.config/nvim/plugged/vim-polyglot/filetype.vim
052.382  000.025  000.025: sourcing /usr/local/Cellar/neovim/0.4.4/share/nvim/runtime/filetype.vim
053.048  000.027  000.027: sourcing /Users/liuguangqi/.config/nvim/plugged/vim-polyglot/ftdetect/polyglot.vim
054.422  000.377  000.377: sourcing /Users/liuguangqi/.config/nvim/plugged/vim-elixir/ftdetect/elixir.vim
055.677  000.326  000.326: sourcing /Users/liuguangqi/.config/nvim/plugged/vim-fugitive/ftdetect/fugitive.vim
056.874  000.361  000.361: sourcing /Users/liuguangqi/.config/nvim/plugged/vaxe/ftdetect/flow.vim
057.508  000.534  000.534: sourcing /Users/liuguangqi/.config/nvim/plugged/vaxe/ftdetect/haxe.vim
057.993  000.372  000.372: sourcing /Users/liuguangqi/.config/nvim/plugged/vaxe/ftdetect/hss.vim
058.495  000.361  000.361: sourcing /Users/liuguangqi/.config/nvim/plugged/vaxe/ftdetect/hxml.vim
058.758  000.167  000.167: sourcing /Users/liuguangqi/.config/nvim/plugged/vaxe/ftdetect/lime.vim
059.021  000.167  000.167: sourcing /Users/liuguangqi/.config/nvim/plugged/vaxe/ftdetect/nmml.vim
060.106  000.326  000.326: sourcing /Users/liuguangqi/.config/nvim/plugged/vim-bolt/ftdetect/bolt.vim
060.883  000.298  000.298: sourcing /Users/liuguangqi/.config/nvim/plugged/vim-markdown/ftdetect/markdown.vim
061.975  000.330  000.330: sourcing /Users/liuguangqi/.config/nvim/plugged/rust.vim/ftdetect/rust.vim
062.983  000.382  000.382: sourcing /Users/liuguangqi/.config/nvim/plugged/vim-toml/ftdetect/toml.vim
064.026  000.388  000.388: sourcing /Users/liuguangqi/.config/nvim/plugged/vim-glsl/ftdetect/glsl.vim
064.932  000.318  000.318: sourcing /Users/liuguangqi/.config/nvim/plugged/neosnippet.vim/ftdetect/neosnippet.vim
065.850  000.287  000.287: sourcing /Users/liuguangqi/.config/nvim/plugged/yats.vim/ftdetect/typescript.vim
066.246  000.313  000.313: sourcing /Users/liuguangqi/.config/nvim/plugged/yats.vim/ftdetect/typescriptreact.vim
086.707  036.112  030.227: sourcing /Users/liuguangqi/.config/nvim/plugged/vim-polyglot/ftdetect/polyglot.vim
087.136  037.216  001.104: sourcing /Users/liuguangqi/.config/nvim/plugged/vim-polyglot/filetype.vim
087.726  000.097  000.097: sourcing /usr/local/Cellar/neovim/0.4.4/share/nvim/runtime/filetype.vim
088.289  000.029  000.029: sourcing /usr/local/Cellar/neovim/0.4.4/share/nvim/runtime/ftplugin.vim
088.759  000.025  000.025: sourcing /usr/local/Cellar/neovim/0.4.4/share/nvim/runtime/indent.vim
090.971  000.243  000.243: sourcing /usr/local/Cellar/neovim/0.4.4/share/nvim/runtime/syntax/syncolor.vim
092.373  000.218  000.218: sourcing /usr/local/Cellar/neovim/0.4.4/share/nvim/runtime/syntax/syncolor.vim
093.691  000.630  000.630: sourcing /Users/liuguangqi/.config/nvim/plugged/onedark.vim/autoload/onedark.vim
125.665  036.460  035.369: sourcing /Users/liuguangqi/.config/nvim/plugged/onedark.vim/colors/onedark.vim
125.842  119.140  021.118: sourcing /Users/liuguangqi/.config/nvim/init.vim
125.850  000.274: sourcing vimrc file(s)
129.623  000.926  000.926: sourcing /Users/liuguangqi/.config/nvim/plugged/coc.nvim/autoload/coc/rpc.vim
131.741  001.936  001.936: sourcing /Users/liuguangqi/.config/nvim/plugged/coc.nvim/autoload/coc/util.vim
133.216  001.033  001.033: sourcing /Users/liuguangqi/.config/nvim/plugged/coc.nvim/autoload/coc/client.vim
140.442  012.853  008.959: sourcing /Users/liuguangqi/.config/nvim/plugged/coc.nvim/plugin/coc.vim
142.352  001.328  001.328: sourcing /Users/liuguangqi/.config/nvim/plugged/auto-pairs/plugin/auto-pairs.vim
144.516  001.532  001.532: sourcing /Users/liuguangqi/.config/nvim/plugged/vim-surround/plugin/surround.vim
146.175  000.358  000.358: sourcing /Users/liuguangqi/.config/nvim/plugged/wildfire.vim/autoload/wildfire/triggers.vim
146.755  001.613  001.255: sourcing /Users/liuguangqi/.config/nvim/plugged/wildfire.vim/plugin/wildfire.vim
149.600  001.138  001.138: sourcing /Users/liuguangqi/.config/nvim/plugged/nerdtree/autoload/nerdtree.vim
151.962  001.515  001.515: sourcing /Users/liuguangqi/.config/nvim/plugged/nerdtree/lib/nerdtree/path.vim
153.014  000.855  000.855: sourcing /Users/liuguangqi/.config/nvim/plugged/nerdtree/lib/nerdtree/menu_controller.vim
153.606  000.403  000.403: sourcing /Users/liuguangqi/.config/nvim/plugged/nerdtree/lib/nerdtree/menu_item.vim
154.313  000.517  000.517: sourcing /Users/liuguangqi/.config/nvim/plugged/nerdtree/lib/nerdtree/key_map.vim
155.499  001.000  001.000: sourcing /Users/liuguangqi/.config/nvim/plugged/nerdtree/lib/nerdtree/bookmark.vim
156.645  000.937  000.937: sourcing /Users/liuguangqi/.config/nvim/plugged/nerdtree/lib/nerdtree/tree_file_node.vim
158.233  001.396  001.396: sourcing /Users/liuguangqi/.config/nvim/plugged/nerdtree/lib/nerdtree/tree_dir_node.vim
159.254  000.824  000.824: sourcing /Users/liuguangqi/.config/nvim/plugged/nerdtree/lib/nerdtree/opener.vim
160.350  000.921  000.921: sourcing /Users/liuguangqi/.config/nvim/plugged/nerdtree/lib/nerdtree/creator.vim
186.397  000.444  000.444: sourcing /Users/liuguangqi/.config/nvim/plugged/nerdtree/lib/nerdtree/flag_set.vim
187.432  000.850  000.850: sourcing /Users/liuguangqi/.config/nvim/plugged/nerdtree/lib/nerdtree/nerdtree.vim
188.721  001.112  001.112: sourcing /Users/liuguangqi/.config/nvim/plugged/nerdtree/lib/nerdtree/ui.vim
189.271  000.367  000.367: sourcing /Users/liuguangqi/.config/nvim/plugged/nerdtree/lib/nerdtree/event.vim
189.680  000.228  000.228: sourcing /Users/liuguangqi/.config/nvim/plugged/nerdtree/lib/nerdtree/notifier.vim
191.124  001.241  001.241: sourcing /Users/liuguangqi/.config/nvim/plugged/nerdtree/autoload/nerdtree/ui_glue.vim
218.534  000.367  000.367: sourcing /Users/liuguangqi/.config/nvim/plugged/nerdtree/nerdtree_plugin/exec_menuitem.vim
221.172  001.305  001.305: sourcing /usr/local/Cellar/neovim/0.4.4/share/nvim/runtime/autoload/provider/clipboard.vim
222.067  003.416  002.111: sourcing /Users/liuguangqi/.config/nvim/plugged/nerdtree/nerdtree_plugin/fs_menu.vim
222.424  000.264  000.264: sourcing /Users/liuguangqi/.config/nvim/plugged/nerdtree/nerdtree_plugin/vcs.vim
223.833  076.099  058.302: sourcing /Users/liuguangqi/.config/nvim/plugged/nerdtree/plugin/NERD_tree.vim
225.861  001.089  001.089: sourcing /Users/liuguangqi/.config/nvim/plugged/ctrlp.vim/autoload/ctrlp/mrufiles.vim
226.209  002.142  001.053: sourcing /Users/liuguangqi/.config/nvim/plugged/ctrlp.vim/plugin/ctrlp.vim
228.665  001.672  001.672: sourcing /Users/liuguangqi/.config/nvim/plugged/LeaderF/plugin/leaderf.vim
231.847  002.335  002.335: sourcing /Users/liuguangqi/.config/nvim/plugged/fzf/plugin/fzf.vim
234.710  001.910  001.910: sourcing /Users/liuguangqi/.config/nvim/plugged/fzf.vim/plugin/fzf.vim
236.174  000.883  000.883: sourcing /Users/liuguangqi/.config/nvim/plugged/tabular/plugin/Tabular.vim
238.769  002.037  002.037: sourcing /Users/liuguangqi/.config/nvim/plugged/tagbar/plugin/tagbar.vim
246.400  007.387  007.387: sourcing /Users/liuguangqi/.config/nvim/plugged/nerdcommenter/plugin/NERD_commenter.vim
247.350  000.629  000.629: sourcing /Users/liuguangqi/.config/nvim/plugged/lightline.vim/plugin/lightline.vim
249.011  000.167  000.167: sourcing /Users/liuguangqi/.config/nvim/plugged/syntastic/plugin/syntastic/autoloclist.vim
249.281  000.165  000.165: sourcing /Users/liuguangqi/.config/nvim/plugged/syntastic/plugin/syntastic/balloons.vim
249.565  000.188  000.188: sourcing /Users/liuguangqi/.config/nvim/plugged/syntastic/plugin/syntastic/checker.vim
249.978  000.169  000.169: sourcing /Users/liuguangqi/.config/nvim/plugged/syntastic/plugin/syntastic/cursor.vim
250.247  000.166  000.166: sourcing /Users/liuguangqi/.config/nvim/plugged/syntastic/plugin/syntastic/highlighting.vim
250.512  000.168  000.168: sourcing /Users/liuguangqi/.config/nvim/plugged/syntastic/plugin/syntastic/loclist.vim
250.781  000.166  000.166: sourcing /Users/liuguangqi/.config/nvim/plugged/syntastic/plugin/syntastic/modemap.vim
251.038  000.154  000.154: sourcing /Users/liuguangqi/.config/nvim/plugged/syntastic/plugin/syntastic/notifiers.vim
251.286  000.145  000.145: sourcing /Users/liuguangqi/.config/nvim/plugged/syntastic/plugin/syntastic/registry.vim
251.752  000.362  000.362: sourcing /Users/liuguangqi/.config/nvim/plugged/syntastic/plugin/syntastic/signs.vim
253.817  001.425  001.425: sourcing /Users/liuguangqi/.config/nvim/plugged/syntastic/autoload/syntastic/util.vim
263.447  000.110  000.110: sourcing /Users/liuguangqi/.config/nvim/plugged/syntastic/plugin/syntastic/autoloclist.vim
263.645  000.088  000.088: sourcing /Users/liuguangqi/.config/nvim/plugged/syntastic/plugin/syntastic/balloons.vim
264.081  000.362  000.362: sourcing /Users/liuguangqi/.config/nvim/plugged/syntastic/plugin/syntastic/checker.vim
264.288  000.123  000.123: sourcing /Users/liuguangqi/.config/nvim/plugged/syntastic/plugin/syntastic/cursor.vim
264.469  000.107  000.107: sourcing /Users/liuguangqi/.config/nvim/plugged/syntastic/plugin/syntastic/highlighting.vim
265.101  000.560  000.560: sourcing /Users/liuguangqi/.config/nvim/plugged/syntastic/plugin/syntastic/loclist.vim
265.344  000.120  000.120: sourcing /Users/liuguangqi/.config/nvim/plugged/syntastic/plugin/syntastic/modemap.vim
265.513  000.094  000.094: sourcing /Users/liuguangqi/.config/nvim/plugged/syntastic/plugin/syntastic/notifiers.vim
266.640  001.054  001.054: sourcing /Users/liuguangqi/.config/nvim/plugged/syntastic/plugin/syntastic/registry.vim
267.065  000.318  000.318: sourcing /Users/liuguangqi/.config/nvim/plugged/syntastic/plugin/syntastic/signs.vim
268.800  016.945  012.586: sourcing /Users/liuguangqi/.config/nvim/plugged/syntastic/plugin/syntastic.vim
270.181  000.495  000.495: sourcing /Users/liuguangqi/.config/nvim/plugged/lazygit.vim/plugin/lazygit.vim
272.691  000.876  000.876: sourcing /Users/liuguangqi/.config/nvim/plugged/vim-gitgutter/autoload/gitgutter/utility.vim
274.764  000.959  000.959: sourcing /Users/liuguangqi/.config/nvim/plugged/vim-gitgutter/autoload/gitgutter/highlight.vim
276.739  005.938  004.103: sourcing /Users/liuguangqi/.config/nvim/plugged/vim-gitgutter/plugin/gitgutter.vim
280.111  003.084  003.084: sourcing /Users/liuguangqi/.config/nvim/plugged/vim-fugitive/plugin/fugitive.vim
283.275  000.721  000.721: sourcing /usr/local/Cellar/neovim/0.4.4/share/nvim/runtime/autoload/provider/pythonx.vim
448.053  001.267  001.267: sourcing /usr/local/Cellar/neovim/0.4.4/share/nvim/runtime/autoload/remote/host.vim
448.215  166.502  164.513: sourcing /usr/local/Cellar/neovim/0.4.4/share/nvim/runtime/autoload/provider/python3.vim
514.873  066.147  066.147: sourcing /usr/local/Cellar/neovim/0.4.4/share/nvim/runtime/autoload/provider/python.vim
515.766  000.509  000.509: sourcing /Users/liuguangqi/.config/nvim/plugged/vaxe/autoload/vaxe/util.vim
516.513  235.441  002.285: sourcing /Users/liuguangqi/.config/nvim/plugged/vaxe/plugin/haxe.vim
517.340  000.735  000.735: sourcing /Users/liuguangqi/.config/nvim/plugged/vaxe/plugin/hxml.vim
518.597  000.566  000.566: sourcing /Users/liuguangqi/.config/nvim/plugged/vim-js-pretty-template/plugin/jspretmpl.vim
519.615  000.587  000.587: sourcing /Users/liuguangqi/.config/nvim/plugged/rust.vim/plugin/cargo.vim
520.284  000.538  000.538: sourcing /Users/liuguangqi/.config/nvim/plugged/rust.vim/plugin/rust.vim
521.545  000.913  000.913: sourcing /Users/liuguangqi/.config/nvim/plugged/neosnippet.vim/plugin/neosnippet.vim
524.778  001.817  001.817: sourcing /Users/liuguangqi/.config/nvim/plugged/nvim-typescript/plugin/nvim_typescript.vim
531.404  004.775  004.775: sourcing /Users/liuguangqi/.config/nvim/plugged/vim-polyglot/plugin/polyglot.vim
533.799  000.833  000.833: sourcing /usr/local/Cellar/neovim/0.4.4/share/nvim/runtime/plugin/gzip.vim
534.367  000.439  000.439: sourcing /usr/local/Cellar/neovim/0.4.4/share/nvim/runtime/plugin/health.vim
534.864  000.369  000.369: sourcing /usr/local/Cellar/neovim/0.4.4/share/nvim/runtime/plugin/man.vim
539.573  001.316  001.316: sourcing /usr/local/Cellar/neovim/0.4.4/share/nvim/runtime/pack/dist/opt/matchit/plugin/matchit.vim
539.720  004.736  003.421: sourcing /usr/local/Cellar/neovim/0.4.4/share/nvim/runtime/plugin/matchit.vim
540.578  000.728  000.728: sourcing /usr/local/Cellar/neovim/0.4.4/share/nvim/runtime/plugin/matchparen.vim
542.453  001.706  001.706: sourcing /usr/local/Cellar/neovim/0.4.4/share/nvim/runtime/plugin/netrwPlugin.vim
546.705  001.193  001.193: sourcing /usr/local/Cellar/neovim/0.4.4/share/nvim/runtime/autoload/remote/define.vim
552.974  009.670  008.477: sourcing /Users/liuguangqi/.local/share/nvim/rplugin.vim
552.993  010.293  000.623: sourcing /usr/local/Cellar/neovim/0.4.4/share/nvim/runtime/plugin/rplugin.vim
554.127  000.960  000.960: sourcing /usr/local/Cellar/neovim/0.4.4/share/nvim/runtime/plugin/shada.vim
554.585  000.268  000.268: sourcing /usr/local/Cellar/neovim/0.4.4/share/nvim/runtime/plugin/spellfile.vim
555.534  000.734  000.734: sourcing /usr/local/Cellar/neovim/0.4.4/share/nvim/runtime/plugin/tarPlugin.vim
556.593  000.869  000.869: sourcing /usr/local/Cellar/neovim/0.4.4/share/nvim/runtime/plugin/tohtml.vim
557.047  000.223  000.223: sourcing /usr/local/Cellar/neovim/0.4.4/share/nvim/runtime/plugin/tutor.vim
557.902  000.730  000.730: sourcing /usr/local/Cellar/neovim/0.4.4/share/nvim/runtime/plugin/zipPlugin.vim
557.934  023.093: loading plugins
558.182  000.249: loading packages
560.877  001.160  001.160: sourcing /Users/liuguangqi/.config/nvim/plugged/tabular/autoload/tabular.vim
564.395  005.699  004.539: sourcing /Users/liuguangqi/.config/nvim/plugged/tabular/after/plugin/TabularMaps.vim
566.165  000.411  000.411: sourcing /Users/liuguangqi/.config/nvim/plugged/nvim-typescript/after/plugin/nvim_typescript.vim
566.226  001.933: loading after plugins
566.245  000.019: inits 3
571.329  005.084: reading ShaDa
573.629  000.740  000.740: sourcing /Users/liuguangqi/.config/nvim/plugged/syntastic/autoload/syntastic/log.vim
573.717  001.648: opening buffers
577.425  002.030  002.030: sourcing /Users/liuguangqi/.config/nvim/plugged/vim-polyglot/autoload/polyglot/sleuth.vim
580.234  000.364  000.364: sourcing /Users/liuguangqi/.config/nvim/plugged/LeaderF/autoload/lfMru.vim
581.882  001.149  001.149: sourcing /Users/liuguangqi/.config/nvim/plugged/lightline.vim/autoload/lightline.vim
583.239  000.435  000.435: sourcing /Users/liuguangqi/.config/nvim/plugged/lightline.vim/autoload/lightline/tab.vim
585.106  000.645  000.645: sourcing /Users/liuguangqi/.config/nvim/plugged/lightline.vim/autoload/lightline/colorscheme.vim
586.136  002.553  001.908: sourcing /Users/liuguangqi/.config/nvim/plugged/onedark.vim/autoload/lightline/colorscheme/onedark.vim
592.783  000.794  000.794: sourcing /Users/liuguangqi/.config/nvim/plugged/vim-gitgutter/autoload/gitgutter.vim
593.370  012.328: BufEnter autocommands
593.373  000.003: editing files in windows
594.105  000.732: VimEnter autocommands
594.109  000.004: UIEnter autocommands
594.113  000.005: before starting main loop
595.970  001.707  001.707: sourcing /Users/liuguangqi/.config/nvim/plugged/coc.nvim/autoload/coc/float.vim
597.508  001.688: first screen update
597.511  000.003: --- NVIM STARTED ---
